#
# There is insufficient memory for the Java Runtime Environment to continue.
# Native memory allocation (mmap) failed to map 173015040 bytes for G1 virtual space
# Possible reasons:
#   The system is out of physical RAM or swap space
#   The process is running with CompressedOops enabled, and the Java Heap may be blocking the growth of the native heap
# Possible solutions:
#   Reduce memory load on the system
#   Increase physical memory or swap space
#   Check if swap backing store is full
#   Decrease Java heap size (-Xmx/-Xms)
#   Decrease number of Java threads
#   Decrease Java thread stack sizes (-Xss)
#   Set larger code cache with -XX:ReservedCodeCacheSize=
#   JVM is running with Unscaled Compressed Oops mode in which the Java heap is
#     placed in the first 4GB address space. The Java Heap base address is the
#     maximum limit for the native heap growth. Please use -XX:HeapBaseMinAddress
#     to set the Java Heap base and to place the Java Heap above 4GB virtual address.
# This output file may be truncated or incomplete.
#
#  Out of Memory Error (os_windows.cpp:3769), pid=15816, tid=3652
#
# JRE version: OpenJDK Runtime Environment (17.0.6) (build 17.0.6+0-b2043.56-10027231)
# Java VM: OpenJDK 64-Bit Server VM (17.0.6+0-b2043.56-10027231, mixed mode, tiered, compressed oops, compressed class ptrs, g1 gc, windows-amd64)
# No core dump will be written. Minidumps are not enabled by default on client versions of Windows
#

---------------  S U M M A R Y ------------

Command Line: org.jetbrains.kotlin.cli.jvm.K2JVMCompiler @C:\Users\User\AndroidStudioProjects\HambaApp\app\build\20231128_450416312892216334.compiler.options

Host: Intel(R) Core(TM) i5-1035G1 CPU @ 1.00GHz, 8 cores, 7G,  Windows 10 , 64 bit Build 19041 (10.0.19041.3636)
Time: Tue Nov 28 05:07:08 2023 South Africa Standard Time elapsed time: 6.023851 seconds (0d 0h 0m 6s)

---------------  T H R E A D  ---------------

Current thread (0x0000027a7e28f930):  VMThread "VM Thread" [stack: 0x000000a00e800000,0x000000a00e900000] [id=3652]

Stack: [0x000000a00e800000,0x000000a00e900000]
Native frames: (J=compiled Java code, j=interpreted, Vv=VM code, C=native code)
V  [jvm.dll+0x683c9a]
V  [jvm.dll+0x8427a4]
V  [jvm.dll+0x843f9e]
V  [jvm.dll+0x844603]
V  [jvm.dll+0x249b75]
V  [jvm.dll+0x680b69]
V  [jvm.dll+0x67505a]
V  [jvm.dll+0x309acb]
V  [jvm.dll+0x310f86]
V  [jvm.dll+0x3608ee]
V  [jvm.dll+0x360b1f]
V  [jvm.dll+0x2dfbf8]
V  [jvm.dll+0x2ddec4]
V  [jvm.dll+0x2dd4cc]
V  [jvm.dll+0x321f3b]
V  [jvm.dll+0x848ccb]
V  [jvm.dll+0x849a04]
V  [jvm.dll+0x849f1d]
V  [jvm.dll+0x84a2f4]
V  [jvm.dll+0x84a3c0]
V  [jvm.dll+0x7f274a]
V  [jvm.dll+0x682ad5]
C  [ucrtbase.dll+0x21bb2]
C  [KERNEL32.DLL+0x17344]
C  [ntdll.dll+0x526b1]

VM_Operation (0x000000a00e2fd260): G1CollectForAllocation, mode: safepoint, requested by thread 0x0000027a7154afa0


---------------  P R O C E S S  ---------------

Threads class SMR info:
_java_thread_list=0x0000027a7e28bc90, length=12, elements={
0x0000027a7154afa0, 0x0000027a7e2b3270, 0x0000027a7e2b3e20, 0x0000027a7ec2bad0,
0x0000027a7ec2c680, 0x0000027a7ec2f040, 0x0000027a7ec2f9f0, 0x0000027a7ec319b0,
0x0000027a7ec337c0, 0x0000027a7ec454f0, 0x0000027a7edaf8e0, 0x0000027a7eda93e0
}

Java Threads: ( => current thread )
  0x0000027a7154afa0 JavaThread "main" [_thread_blocked, id=16980, stack(0x000000a00e200000,0x000000a00e300000)]
  0x0000027a7e2b3270 JavaThread "Reference Handler" daemon [_thread_blocked, id=18804, stack(0x000000a00e900000,0x000000a00ea00000)]
  0x0000027a7e2b3e20 JavaThread "Finalizer" daemon [_thread_blocked, id=17660, stack(0x000000a00ea00000,0x000000a00eb00000)]
  0x0000027a7ec2bad0 JavaThread "Signal Dispatcher" daemon [_thread_blocked, id=19124, stack(0x000000a00eb00000,0x000000a00ec00000)]
  0x0000027a7ec2c680 JavaThread "Attach Listener" daemon [_thread_blocked, id=17964, stack(0x000000a00ec00000,0x000000a00ed00000)]
  0x0000027a7ec2f040 JavaThread "Service Thread" daemon [_thread_blocked, id=18260, stack(0x000000a00ed00000,0x000000a00ee00000)]
  0x0000027a7ec2f9f0 JavaThread "Monitor Deflation Thread" daemon [_thread_blocked, id=8296, stack(0x000000a00ee00000,0x000000a00ef00000)]
  0x0000027a7ec319b0 JavaThread "C2 CompilerThread0" daemon [_thread_blocked, id=17352, stack(0x000000a00ef00000,0x000000a00f000000)]
  0x0000027a7ec337c0 JavaThread "C1 CompilerThread0" daemon [_thread_blocked, id=7080, stack(0x000000a00f000000,0x000000a00f100000)]
  0x0000027a7ec454f0 JavaThread "Sweeper thread" daemon [_thread_blocked, id=4896, stack(0x000000a00f100000,0x000000a00f200000)]
  0x0000027a7edaf8e0 JavaThread "Notification Thread" daemon [_thread_blocked, id=13244, stack(0x000000a00f200000,0x000000a00f300000)]
  0x0000027a7eda93e0 JavaThread "Common-Cleaner" daemon [_thread_blocked, id=14604, stack(0x000000a00f400000,0x000000a00f500000)]

Other Threads:
=>0x0000027a7e28f930 VMThread "VM Thread" [stack: 0x000000a00e800000,0x000000a00e900000] [id=3652]
  0x0000027a7eda7d40 WatcherThread [stack: 0x000000a00f300000,0x000000a00f400000] [id=7692]
  0x0000027a73645750 GCTaskThread "GC Thread#0" [stack: 0x000000a00e300000,0x000000a00e400000] [id=18400]
  0x0000027a7f3593c0 GCTaskThread "GC Thread#1" [stack: 0x000000a00f500000,0x000000a00f600000] [id=3864]
  0x0000027a7f359670 GCTaskThread "GC Thread#2" [stack: 0x000000a00f600000,0x000000a00f700000] [id=13792]
  0x0000027a7f38f620 GCTaskThread "GC Thread#3" [stack: 0x000000a00f700000,0x000000a00f800000] [id=7968]
  0x0000027a7f3908e0 GCTaskThread "GC Thread#4" [stack: 0x000000a00f800000,0x000000a00f900000] [id=6244]
  0x0000027a7f3ba980 GCTaskThread "GC Thread#5" [stack: 0x000000a00f900000,0x000000a00fa00000] [id=18820]
  0x0000027a7f3b9ec0 GCTaskThread "GC Thread#6" [stack: 0x000000a00fa00000,0x000000a00fb00000] [id=18980]
  0x0000027a7f3b9c10 GCTaskThread "GC Thread#7" [stack: 0x000000a00fb00000,0x000000a00fc00000] [id=18140]
  0x0000027a73656050 ConcurrentGCThread "G1 Main Marker" [stack: 0x000000a00e400000,0x000000a00e500000] [id=13740]
  0x0000027a73657200 ConcurrentGCThread "G1 Conc#0" [stack: 0x000000a00e500000,0x000000a00e600000] [id=3784]
  0x0000027a7f3ba420 ConcurrentGCThread "G1 Conc#1" [stack: 0x000000a00fc00000,0x000000a00fd00000] [id=5376]
  0x0000027a736bd220 ConcurrentGCThread "G1 Refine#0" [stack: 0x000000a00e600000,0x000000a00e700000] [id=13392]
  0x0000027a128803c0 ConcurrentGCThread "G1 Refine#1" [stack: 0x000000a00fd00000,0x000000a00fe00000] [id=9320]
  0x0000027a736bdc40 ConcurrentGCThread "G1 Service" [stack: 0x000000a00e700000,0x000000a00e800000] [id=12508]

Threads with active compile tasks:
C2 CompilerThread0     6038 6664       4       org.jetbrains.kotlin.resolve.lazy.descriptors.LazyClassMemberScope::resolveUnknownVisibilitiesForMembers (110 bytes)

VM state: at safepoint (normal execution)

VM Mutex/Monitor currently owned by a thread:  ([mutex/lock_event])
[0x0000027a735e77c0] Threads_lock - owner thread: 0x0000027a7e28f930
[0x0000027a735e6380] Heap_lock - owner thread: 0x0000027a7154afa0

Heap address: 0x0000000083200000, size: 1998 MB, Compressed Oops mode: 32-bit

CDS archive(s) not mapped
Compressed class space mapped at: 0x0000000100000000-0x0000000140000000, reserved size: 1073741824
Narrow klass base: 0x0000000000000000, Narrow klass shift: 3, Narrow klass range: 0x140000000

GC Precious Log:
 CPUs: 8 total, 8 available
 Memory: 7987M
 Large Page Support: Disabled
 NUMA Support: Disabled
 Compressed Oops: Enabled (32-bit)
 Heap Region Size: 1M
 Heap Min Capacity: 8M
 Heap Initial Capacity: 126M
 Heap Max Capacity: 1998M
 Pre-touch: Disabled
 Parallel Workers: 8
 Concurrent Workers: 2
 Concurrent Refinement Workers: 8
 Periodic GC: Disabled

Heap:
 garbage-first heap   total 129024K, used 58572K [0x0000000083200000, 0x0000000100000000)
  region size 1024K, 1 young (1024K), 1 survivors (1024K)
 Metaspace       used 57437K, committed 57664K, reserved 1105920K
  class space    used 6744K, committed 6848K, reserved 1048576K

Heap Regions: E=young(eden), S=young(survivor), O=old, HS=humongous(starts), HC=humongous(continues), CS=collection set, F=free, OA=open archive, CA=closed archive, TAMS=top-at-mark-start (previous, next)
|   0|0x0000000083200000, 0x0000000083300000, 0x0000000083300000|100%|HS|  |TAMS 0x0000000083300000, 0x0000000083300000| Complete 
|   1|0x0000000083300000, 0x0000000083400000, 0x0000000083400000|100%|HC|  |TAMS 0x0000000083400000, 0x0000000083400000| Complete 
|   2|0x0000000083400000, 0x0000000083500000, 0x0000000083500000|100%|HC|  |TAMS 0x0000000083500000, 0x0000000083500000| Complete 
|   3|0x0000000083500000, 0x0000000083600000, 0x0000000083600000|100%|HC|  |TAMS 0x0000000083600000, 0x0000000083600000| Complete 
|   4|0x0000000083600000, 0x0000000083700000, 0x0000000083700000|100%| O|  |TAMS 0x0000000083700000, 0x0000000083700000| Untracked 
|   5|0x0000000083700000, 0x0000000083800000, 0x0000000083800000|100%| O|  |TAMS 0x0000000083800000, 0x0000000083800000| Untracked 
|   6|0x0000000083800000, 0x0000000083900000, 0x0000000083900000|100%| O|  |TAMS 0x0000000083900000, 0x0000000083900000| Untracked 
|   7|0x0000000083900000, 0x0000000083a00000, 0x0000000083a00000|100%| O|  |TAMS 0x0000000083a00000, 0x0000000083a00000| Untracked 
|   8|0x0000000083a00000, 0x0000000083a00000, 0x0000000083b00000|  0%| F|  |TAMS 0x0000000083a00000, 0x0000000083a00000| Untracked 
|   9|0x0000000083b00000, 0x0000000083c00000, 0x0000000083c00000|100%| O|  |TAMS 0x0000000083c00000, 0x0000000083c00000| Untracked 
|  10|0x0000000083c00000, 0x0000000083d00000, 0x0000000083d00000|100%| O|  |TAMS 0x0000000083d00000, 0x0000000083d00000| Untracked 
|  11|0x0000000083d00000, 0x0000000083e00000, 0x0000000083e00000|100%| O|  |TAMS 0x0000000083e00000, 0x0000000083e00000| Untracked 
|  12|0x0000000083e00000, 0x0000000083f00000, 0x0000000083f00000|100%| O|  |TAMS 0x0000000083f00000, 0x0000000083f00000| Untracked 
|  13|0x0000000083f00000, 0x0000000084000000, 0x0000000084000000|100%| O|  |TAMS 0x0000000084000000, 0x0000000084000000| Untracked 
|  14|0x0000000084000000, 0x0000000084100000, 0x0000000084100000|100%| O|  |TAMS 0x0000000084100000, 0x0000000084100000| Untracked 
|  15|0x0000000084100000, 0x0000000084200000, 0x0000000084200000|100%| O|  |TAMS 0x0000000084200000, 0x0000000084200000| Untracked 
|  16|0x0000000084200000, 0x0000000084300000, 0x0000000084300000|100%| O|  |TAMS 0x0000000084300000, 0x0000000084300000| Untracked 
|  17|0x0000000084300000, 0x0000000084400000, 0x0000000084400000|100%| O|  |TAMS 0x0000000084400000, 0x0000000084400000| Untracked 
|  18|0x0000000084400000, 0x0000000084500000, 0x0000000084500000|100%|HS|  |TAMS 0x0000000084500000, 0x0000000084500000| Complete 
|  19|0x0000000084500000, 0x0000000084600000, 0x0000000084600000|100%|HC|  |TAMS 0x0000000084600000, 0x0000000084600000| Complete 
|  20|0x0000000084600000, 0x0000000084700000, 0x0000000084700000|100%| O|  |TAMS 0x0000000084700000, 0x0000000084700000| Untracked 
|  21|0x0000000084700000, 0x0000000084800000, 0x0000000084800000|100%| O|  |TAMS 0x0000000084800000, 0x0000000084800000| Untracked 
|  22|0x0000000084800000, 0x0000000084900000, 0x0000000084900000|100%| O|  |TAMS 0x0000000084900000, 0x0000000084900000| Untracked 
|  23|0x0000000084900000, 0x0000000084a00000, 0x0000000084a00000|100%| O|  |TAMS 0x0000000084a00000, 0x0000000084a00000| Untracked 
|  24|0x0000000084a00000, 0x0000000084b00000, 0x0000000084b00000|100%| O|  |TAMS 0x0000000084b00000, 0x0000000084b00000| Untracked 
|  25|0x0000000084b00000, 0x0000000084c00000, 0x0000000084c00000|100%| O|  |TAMS 0x0000000084c00000, 0x0000000084c00000| Untracked 
|  26|0x0000000084c00000, 0x0000000084d00000, 0x0000000084d00000|100%| O|  |TAMS 0x0000000084d00000, 0x0000000084d00000| Untracked 
|  27|0x0000000084d00000, 0x0000000084e00000, 0x0000000084e00000|100%| O|  |TAMS 0x0000000084e00000, 0x0000000084e00000| Untracked 
|  28|0x0000000084e00000, 0x0000000084f00000, 0x0000000084f00000|100%| O|  |TAMS 0x0000000084f00000, 0x0000000084f00000| Untracked 
|  29|0x0000000084f00000, 0x0000000085000000, 0x0000000085000000|100%| O|  |TAMS 0x0000000085000000, 0x0000000085000000| Untracked 
|  30|0x0000000085000000, 0x0000000085100000, 0x0000000085100000|100%| O|  |TAMS 0x0000000085100000, 0x0000000085100000| Untracked 
|  31|0x0000000085100000, 0x0000000085200000, 0x0000000085200000|100%| O|  |TAMS 0x0000000085200000, 0x0000000085200000| Untracked 
|  32|0x0000000085200000, 0x0000000085300000, 0x0000000085300000|100%| O|  |TAMS 0x0000000085300000, 0x0000000085300000| Untracked 
|  33|0x0000000085300000, 0x0000000085400000, 0x0000000085400000|100%| O|  |TAMS 0x0000000085400000, 0x0000000085400000| Untracked 
|  34|0x0000000085400000, 0x0000000085500000, 0x0000000085500000|100%| O|  |TAMS 0x0000000085500000, 0x0000000085500000| Untracked 
|  35|0x0000000085500000, 0x0000000085600000, 0x0000000085600000|100%| O|  |TAMS 0x0000000085600000, 0x0000000085600000| Untracked 
|  36|0x0000000085600000, 0x0000000085700000, 0x0000000085700000|100%| O|  |TAMS 0x0000000085700000, 0x0000000085700000| Untracked 
|  37|0x0000000085700000, 0x0000000085800000, 0x0000000085800000|100%| O|  |TAMS 0x0000000085800000, 0x0000000085800000| Untracked 
|  38|0x0000000085800000, 0x0000000085900000, 0x0000000085900000|100%| O|  |TAMS 0x0000000085900000, 0x0000000085900000| Untracked 
|  39|0x0000000085900000, 0x0000000085a00000, 0x0000000085a00000|100%| O|  |TAMS 0x0000000085a00000, 0x0000000085a00000| Untracked 
|  40|0x0000000085a00000, 0x0000000085b00000, 0x0000000085b00000|100%| O|  |TAMS 0x0000000085b00000, 0x0000000085b00000| Untracked 
|  41|0x0000000085b00000, 0x0000000085c00000, 0x0000000085c00000|100%| O|  |TAMS 0x0000000085c00000, 0x0000000085c00000| Untracked 
|  42|0x0000000085c00000, 0x0000000085d00000, 0x0000000085d00000|100%| O|  |TAMS 0x0000000085d00000, 0x0000000085d00000| Untracked 
|  43|0x0000000085d00000, 0x0000000085e00000, 0x0000000085e00000|100%| O|  |TAMS 0x0000000085e00000, 0x0000000085e00000| Untracked 
|  44|0x0000000085e00000, 0x0000000085f00000, 0x0000000085f00000|100%| O|  |TAMS 0x0000000085e45400, 0x0000000085f00000| Untracked 
|  45|0x0000000085f00000, 0x0000000086000000, 0x0000000086000000|100%| O|  |TAMS 0x0000000085f00000, 0x0000000086000000| Untracked 
|  46|0x0000000086000000, 0x0000000086100000, 0x0000000086100000|100%| O|  |TAMS 0x0000000086000000, 0x0000000086100000| Untracked 
|  47|0x0000000086100000, 0x0000000086200000, 0x0000000086200000|100%| O|  |TAMS 0x0000000086100000, 0x0000000086200000| Untracked 
|  48|0x0000000086200000, 0x0000000086300000, 0x0000000086300000|100%| O|  |TAMS 0x0000000086200000, 0x0000000086300000| Untracked 
|  49|0x0000000086300000, 0x0000000086400000, 0x0000000086400000|100%| O|  |TAMS 0x0000000086300000, 0x0000000086400000| Untracked 
|  50|0x0000000086400000, 0x0000000086500000, 0x0000000086500000|100%| O|  |TAMS 0x0000000086400000, 0x0000000086500000| Untracked 
|  51|0x0000000086500000, 0x0000000086600000, 0x0000000086600000|100%| O|  |TAMS 0x0000000086500000, 0x0000000086600000| Untracked 
|  52|0x0000000086600000, 0x0000000086700000, 0x0000000086700000|100%| O|  |TAMS 0x0000000086600000, 0x0000000086700000| Untracked 
|  53|0x0000000086700000, 0x0000000086800000, 0x0000000086800000|100%| O|  |TAMS 0x0000000086700000, 0x0000000086800000| Untracked 
|  54|0x0000000086800000, 0x0000000086900000, 0x0000000086900000|100%| O|  |TAMS 0x0000000086800000, 0x0000000086900000| Untracked 
|  55|0x0000000086900000, 0x0000000086a00000, 0x0000000086a00000|100%| O|  |TAMS 0x0000000086900000, 0x0000000086a00000| Untracked 
|  56|0x0000000086a00000, 0x0000000086b00000, 0x0000000086b00000|100%| O|  |TAMS 0x0000000086a00000, 0x0000000086b00000| Untracked 
|  57|0x0000000086b00000, 0x0000000086bc2800, 0x0000000086c00000| 75%| O|  |TAMS 0x0000000086b00000, 0x0000000086bc2800| Untracked 
|  58|0x0000000086c00000, 0x0000000086c00000, 0x0000000086d00000|  0%| F|  |TAMS 0x0000000086c00000, 0x0000000086c00000| Untracked 
|  59|0x0000000086d00000, 0x0000000086d00000, 0x0000000086e00000|  0%| F|  |TAMS 0x0000000086d00000, 0x0000000086d00000| Untracked 
|  60|0x0000000086e00000, 0x0000000086e00000, 0x0000000086f00000|  0%| F|  |TAMS 0x0000000086e00000, 0x0000000086e00000| Untracked 
|  61|0x0000000086f00000, 0x0000000086f00000, 0x0000000087000000|  0%| F|  |TAMS 0x0000000086f00000, 0x0000000086f00000| Untracked 
|  62|0x0000000087000000, 0x0000000087000000, 0x0000000087100000|  0%| F|  |TAMS 0x0000000087000000, 0x0000000087000000| Untracked 
|  63|0x0000000087100000, 0x0000000087100000, 0x0000000087200000|  0%| F|  |TAMS 0x0000000087100000, 0x0000000087100000| Untracked 
|  64|0x0000000087200000, 0x0000000087200000, 0x0000000087300000|  0%| F|  |TAMS 0x0000000087200000, 0x0000000087200000| Untracked 
|  65|0x0000000087300000, 0x0000000087300000, 0x0000000087400000|  0%| F|  |TAMS 0x0000000087300000, 0x0000000087300000| Untracked 
|  66|0x0000000087400000, 0x0000000087400000, 0x0000000087500000|  0%| F|  |TAMS 0x0000000087400000, 0x0000000087400000| Untracked 
|  67|0x0000000087500000, 0x0000000087500000, 0x0000000087600000|  0%| F|  |TAMS 0x0000000087500000, 0x0000000087500000| Untracked 
|  68|0x0000000087600000, 0x0000000087600000, 0x0000000087700000|  0%| F|  |TAMS 0x0000000087600000, 0x0000000087600000| Untracked 
|  69|0x0000000087700000, 0x0000000087700000, 0x0000000087800000|  0%| F|  |TAMS 0x0000000087700000, 0x0000000087700000| Untracked 
|  70|0x0000000087800000, 0x0000000087800000, 0x0000000087900000|  0%| F|  |TAMS 0x0000000087800000, 0x0000000087800000| Untracked 
|  71|0x0000000087900000, 0x0000000087900000, 0x0000000087a00000|  0%| F|  |TAMS 0x0000000087900000, 0x0000000087900000| Untracked 
|  72|0x0000000087a00000, 0x0000000087a00000, 0x0000000087b00000|  0%| F|  |TAMS 0x0000000087a00000, 0x0000000087a00000| Untracked 
|  73|0x0000000087b00000, 0x0000000087b00000, 0x0000000087c00000|  0%| F|  |TAMS 0x0000000087b00000, 0x0000000087b00000| Untracked 
|  74|0x0000000087c00000, 0x0000000087c00000, 0x0000000087d00000|  0%| F|  |TAMS 0x0000000087c00000, 0x0000000087c00000| Untracked 
|  75|0x0000000087d00000, 0x0000000087d00000, 0x0000000087e00000|  0%| F|  |TAMS 0x0000000087d00000, 0x0000000087d00000| Untracked 
|  76|0x0000000087e00000, 0x0000000087e00000, 0x0000000087f00000|  0%| F|  |TAMS 0x0000000087e00000, 0x0000000087e00000| Untracked 
|  77|0x0000000087f00000, 0x0000000087f70b00, 0x0000000088000000| 44%| S|CS|TAMS 0x0000000087f00000, 0x0000000087f00000| Complete 
|  78|0x0000000088000000, 0x0000000088000000, 0x0000000088100000|  0%| F|  |TAMS 0x0000000088000000, 0x0000000088000000| Untracked 
|  79|0x0000000088100000, 0x0000000088100000, 0x0000000088200000|  0%| F|  |TAMS 0x0000000088100000, 0x0000000088100000| Untracked 
|  80|0x0000000088200000, 0x0000000088200000, 0x0000000088300000|  0%| F|  |TAMS 0x0000000088200000, 0x0000000088200000| Untracked 
|  81|0x0000000088300000, 0x0000000088300000, 0x0000000088400000|  0%| F|  |TAMS 0x0000000088300000, 0x0000000088300000| Untracked 
|  82|0x0000000088400000, 0x0000000088400000, 0x0000000088500000|  0%| F|  |TAMS 0x0000000088400000, 0x0000000088400000| Untracked 
|  83|0x0000000088500000, 0x0000000088500000, 0x0000000088600000|  0%| F|  |TAMS 0x0000000088500000, 0x0000000088500000| Untracked 
|  84|0x0000000088600000, 0x0000000088600000, 0x0000000088700000|  0%| F|  |TAMS 0x0000000088600000, 0x0000000088600000| Untracked 
|  85|0x0000000088700000, 0x0000000088700000, 0x0000000088800000|  0%| F|  |TAMS 0x0000000088700000, 0x0000000088700000| Untracked 
|  86|0x0000000088800000, 0x0000000088800000, 0x0000000088900000|  0%| F|  |TAMS 0x0000000088800000, 0x0000000088800000| Untracked 
|  87|0x0000000088900000, 0x0000000088900000, 0x0000000088a00000|  0%| F|  |TAMS 0x0000000088900000, 0x0000000088900000| Untracked 
|  88|0x0000000088a00000, 0x0000000088a00000, 0x0000000088b00000|  0%| F|  |TAMS 0x0000000088a00000, 0x0000000088a00000| Untracked 
|  89|0x0000000088b00000, 0x0000000088b00000, 0x0000000088c00000|  0%| F|  |TAMS 0x0000000088b00000, 0x0000000088b00000| Untracked 
|  90|0x0000000088c00000, 0x0000000088c00000, 0x0000000088d00000|  0%| F|  |TAMS 0x0000000088c00000, 0x0000000088c00000| Untracked 
|  91|0x0000000088d00000, 0x0000000088d00000, 0x0000000088e00000|  0%| F|  |TAMS 0x0000000088d00000, 0x0000000088d00000| Untracked 
|  92|0x0000000088e00000, 0x0000000088e00000, 0x0000000088f00000|  0%| F|  |TAMS 0x0000000088e00000, 0x0000000088e00000| Untracked 
|  93|0x0000000088f00000, 0x0000000088f00000, 0x0000000089000000|  0%| F|  |TAMS 0x0000000088f00000, 0x0000000088f00000| Untracked 
|  94|0x0000000089000000, 0x0000000089000000, 0x0000000089100000|  0%| F|  |TAMS 0x0000000089000000, 0x0000000089000000| Untracked 
|  95|0x0000000089100000, 0x0000000089100000, 0x0000000089200000|  0%| F|  |TAMS 0x0000000089100000, 0x0000000089100000| Untracked 
|  96|0x0000000089200000, 0x0000000089200000, 0x0000000089300000|  0%| F|  |TAMS 0x0000000089200000, 0x0000000089200000| Untracked 
|  97|0x0000000089300000, 0x0000000089300000, 0x0000000089400000|  0%| F|  |TAMS 0x0000000089300000, 0x0000000089300000| Untracked 
|  98|0x0000000089400000, 0x0000000089400000, 0x0000000089500000|  0%| F|  |TAMS 0x0000000089400000, 0x0000000089400000| Untracked 
|  99|0x0000000089500000, 0x0000000089500000, 0x0000000089600000|  0%| F|  |TAMS 0x0000000089500000, 0x0000000089500000| Untracked 
| 100|0x0000000089600000, 0x0000000089600000, 0x0000000089700000|  0%| F|  |TAMS 0x0000000089600000, 0x0000000089600000| Untracked 
| 101|0x0000000089700000, 0x0000000089700000, 0x0000000089800000|  0%| F|  |TAMS 0x0000000089700000, 0x0000000089700000| Untracked 
| 102|0x0000000089800000, 0x0000000089800000, 0x0000000089900000|  0%| F|  |TAMS 0x0000000089800000, 0x0000000089800000| Untracked 
| 103|0x0000000089900000, 0x0000000089900000, 0x0000000089a00000|  0%| F|  |TAMS 0x0000000089900000, 0x0000000089900000| Untracked 
| 104|0x0000000089a00000, 0x0000000089a00000, 0x0000000089b00000|  0%| F|  |TAMS 0x0000000089a00000, 0x0000000089a00000| Untracked 
| 105|0x0000000089b00000, 0x0000000089b00000, 0x0000000089c00000|  0%| F|  |TAMS 0x0000000089b00000, 0x0000000089b00000| Untracked 
| 106|0x0000000089c00000, 0x0000000089c00000, 0x0000000089d00000|  0%| F|  |TAMS 0x0000000089c00000, 0x0000000089c00000| Untracked 
| 107|0x0000000089d00000, 0x0000000089d00000, 0x0000000089e00000|  0%| F|  |TAMS 0x0000000089d00000, 0x0000000089d00000| Untracked 
| 108|0x0000000089e00000, 0x0000000089e00000, 0x0000000089f00000|  0%| F|  |TAMS 0x0000000089e00000, 0x0000000089e00000| Untracked 
| 109|0x0000000089f00000, 0x0000000089f00000, 0x000000008a000000|  0%| F|  |TAMS 0x0000000089f00000, 0x0000000089f00000| Untracked 
| 110|0x000000008a000000, 0x000000008a000000, 0x000000008a100000|  0%| F|  |TAMS 0x000000008a000000, 0x000000008a000000| Untracked 
| 111|0x000000008a100000, 0x000000008a100000, 0x000000008a200000|  0%| F|  |TAMS 0x000000008a100000, 0x000000008a100000| Untracked 
| 112|0x000000008a200000, 0x000000008a200000, 0x000000008a300000|  0%| F|  |TAMS 0x000000008a200000, 0x000000008a200000| Untracked 
| 113|0x000000008a300000, 0x000000008a300000, 0x000000008a400000|  0%| F|  |TAMS 0x000000008a300000, 0x000000008a300000| Untracked 
| 114|0x000000008a400000, 0x000000008a400000, 0x000000008a500000|  0%| F|  |TAMS 0x000000008a400000, 0x000000008a400000| Untracked 
| 115|0x000000008a500000, 0x000000008a500000, 0x000000008a600000|  0%| F|  |TAMS 0x000000008a500000, 0x000000008a500000| Untracked 
| 116|0x000000008a600000, 0x000000008a600000, 0x000000008a700000|  0%| F|  |TAMS 0x000000008a600000, 0x000000008a600000| Untracked 
| 117|0x000000008a700000, 0x000000008a700000, 0x000000008a800000|  0%| F|  |TAMS 0x000000008a700000, 0x000000008a700000| Untracked 
| 118|0x000000008a800000, 0x000000008a800000, 0x000000008a900000|  0%| F|  |TAMS 0x000000008a800000, 0x000000008a800000| Untracked 
| 119|0x000000008a900000, 0x000000008a900000, 0x000000008aa00000|  0%| F|  |TAMS 0x000000008a900000, 0x000000008a900000| Untracked 
| 120|0x000000008aa00000, 0x000000008aa00000, 0x000000008ab00000|  0%| F|  |TAMS 0x000000008aa00000, 0x000000008aa00000| Untracked 
| 121|0x000000008ab00000, 0x000000008ab00000, 0x000000008ac00000|  0%| F|  |TAMS 0x000000008ab00000, 0x000000008ab00000| Untracked 
| 122|0x000000008ac00000, 0x000000008ac00000, 0x000000008ad00000|  0%| F|  |TAMS 0x000000008ac00000, 0x000000008ac00000| Untracked 
| 123|0x000000008ad00000, 0x000000008ad00000, 0x000000008ae00000|  0%| F|  |TAMS 0x000000008ad00000, 0x000000008ad00000| Untracked 
| 124|0x000000008ae00000, 0x000000008ae00000, 0x000000008af00000|  0%| F|  |TAMS 0x000000008ae00000, 0x000000008ae00000| Untracked 
| 125|0x000000008af00000, 0x000000008af00000, 0x000000008b000000|  0%| F|  |TAMS 0x000000008af00000, 0x000000008af00000| Untracked 

Card table byte_map: [0x0000027a771e0000,0x0000027a775d0000] _byte_map_base: 0x0000027a76dc7000

Marking Bits (Prev, Next): (CMBitMap*) 0x0000027a73645d60, (CMBitMap*) 0x0000027a73645da0
 Prev Bits: [0x0000027a779c0000, 0x0000027a798f8000)
 Next Bits: [0x0000027a79900000, 0x0000027a7b838000)

Polling page: 0x0000027a72dc0000

Metaspace:

Usage:
  Non-class:     49.51 MB used.
      Class:      6.59 MB used.
       Both:     56.09 MB used.

Virtual space:
  Non-class space:       56.00 MB reserved,      49.62 MB ( 89%) committed,  7 nodes.
      Class space:        1.00 GB reserved,       6.69 MB ( <1%) committed,  1 nodes.
             Both:        1.05 GB reserved,      56.31 MB (  5%) committed. 

Chunk freelists:
   Non-Class:  2.11 MB
       Class:  1.27 MB
        Both:  3.38 MB

MaxMetaspaceSize: unlimited
CompressedClassSpaceSize: 1.00 GB
Initial GC threshold: 21.00 MB
Current GC threshold: 93.56 MB
CDS: off
MetaspaceReclaimPolicy: balanced
 - commit_granule_bytes: 65536.
 - commit_granule_words: 8192.
 - virtual_space_node_default_size: 1048576.
 - enlarge_chunks_in_place: 1.
 - new_chunks_are_fully_committed: 0.
 - uncommit_free_chunks: 1.
 - use_allocation_guard: 0.
 - handle_deallocations: 1.


Internal statistics:

num_allocs_failed_limit: 6.
num_arena_births: 248.
num_arena_deaths: 0.
num_vsnodes_births: 8.
num_vsnodes_deaths: 0.
num_space_committed: 899.
num_space_uncommitted: 0.
num_chunks_returned_to_freelist: 6.
num_chunks_taken_from_freelist: 1993.
num_chunk_merges: 6.
num_chunk_splits: 1639.
num_chunks_enlarged: 1452.
num_purges: 0.
num_inconsistent_stats: 0.

CodeHeap 'non-profiled nmethods': size=120000Kb used=2213Kb max_used=2213Kb free=117786Kb
 bounds [0x0000027a07ad0000, 0x0000027a07d40000, 0x0000027a0f000000]
CodeHeap 'profiled nmethods': size=120000Kb used=13725Kb max_used=13725Kb free=106274Kb
 bounds [0x0000027a00000000, 0x0000027a00d70000, 0x0000027a07530000]
CodeHeap 'non-nmethods': size=5760Kb used=1296Kb max_used=1339Kb free=4463Kb
 bounds [0x0000027a07530000, 0x0000027a077a0000, 0x0000027a07ad0000]
 total_blobs=7229 nmethods=6632 adapters=508
 compilation: enabled
              stopped_count=0, restarted_count=0
 full_count=0

Compilation events (20 events):
Event: 5.992 Thread 0x0000027a7ec337c0 6765       2       org.jetbrains.kotlin.resolve.OverridingUtil::getOverriddenDeclarations (33 bytes)
Event: 5.992 Thread 0x0000027a7ec337c0 nmethod 6765 0x0000027a00d5e890 code [0x0000027a00d5ea60, 0x0000027a00d5ec28]
Event: 5.992 Thread 0x0000027a7ec337c0 6777       2       org.jetbrains.kotlin.com.google.common.collect.Sets::newLinkedHashSet (31 bytes)
Event: 5.993 Thread 0x0000027a7ec337c0 nmethod 6777 0x0000027a00d5ed10 code [0x0000027a00d5ef20, 0x0000027a00d5f288]
Event: 5.993 Thread 0x0000027a7ec337c0 6778       2       org.jetbrains.kotlin.com.google.common.collect.Collections2::cast (5 bytes)
Event: 5.993 Thread 0x0000027a7ec337c0 nmethod 6778 0x0000027a00d5f410 code [0x0000027a00d5f5a0, 0x0000027a00d5f6d8]
Event: 5.993 Thread 0x0000027a7ec337c0 6786       2       org.jetbrains.kotlin.resolve.OverrideResolver$Companion::checkInheritedDescriptorsGroup (134 bytes)
Event: 5.993 Thread 0x0000027a7ec337c0 nmethod 6786 0x0000027a00d5f790 code [0x0000027a00d5fa20, 0x0000027a00d601f8]
Event: 5.993 Thread 0x0000027a7ec337c0 6787       2       org.jetbrains.kotlin.resolve.OverrideResolver$Companion::checkMissingOverridesByJava8Restrictions$default (39 bytes)
Event: 5.994 Thread 0x0000027a7ec337c0 nmethod 6787 0x0000027a00d60610 code [0x0000027a00d607a0, 0x0000027a00d60948]
Event: 5.994 Thread 0x0000027a7ec337c0 6789       2       org.jetbrains.kotlin.resolve.OverrideResolver$Companion::collectAbstractMethodsWithMoreSpecificReturnType (113 bytes)
Event: 5.994 Thread 0x0000027a7ec337c0 nmethod 6789 0x0000027a00d60a90 code [0x0000027a00d60ca0, 0x0000027a00d61308]
Event: 6.005 Thread 0x0000027a7ec337c0 6794 %     3       org.jetbrains.kotlin.resolve.OverridingUtil::collectOverriddenDeclarations @ 95 (123 bytes)
Event: 6.006 Thread 0x0000027a7ec337c0 nmethod 6794% 0x0000027a00d61690 code [0x0000027a00d619c0, 0x0000027a00d62c38]
Event: 6.007 Thread 0x0000027a7ec337c0 6795       3       org.jetbrains.kotlin.resolve.OverridingUtil::collectOverriddenDeclarations (123 bytes)
Event: 6.008 Thread 0x0000027a7ec337c0 nmethod 6795 0x0000027a00d63190 code [0x0000027a00d634c0, 0x0000027a00d646b8]
Event: 6.010 Thread 0x0000027a7ec337c0 6797 %     3       org.jetbrains.kotlin.com.intellij.util.containers.ContainerUtil::flatten @ 66 (125 bytes)
Event: 6.010 Thread 0x0000027a7ec337c0 nmethod 6797% 0x0000027a00d64c10 code [0x0000027a00d64ec0, 0x0000027a00d65d58]
Event: 6.016 Thread 0x0000027a7ec337c0 6800       3       org.jetbrains.kotlin.com.intellij.util.containers.ContainerUtil::flatten (125 bytes)
Event: 6.017 Thread 0x0000027a7ec337c0 nmethod 6800 0x0000027a00d66190 code [0x0000027a00d66440, 0x0000027a00d672c8]

GC Heap History (20 events):
Event: 3.768 GC heap after
{Heap after GC invocations=12 (full 0):
 garbage-first heap   total 74752K, used 31956K [0x0000000083200000, 0x0000000100000000)
  region size 1024K, 3 young (3072K), 3 survivors (3072K)
 Metaspace       used 47514K, committed 47744K, reserved 1097728K
  class space    used 5734K, committed 5824K, reserved 1048576K
}
Event: 4.017 GC heap before
{Heap before GC invocations=12 (full 0):
 garbage-first heap   total 74752K, used 54484K [0x0000000083200000, 0x0000000100000000)
  region size 1024K, 25 young (25600K), 3 survivors (3072K)
 Metaspace       used 48745K, committed 48960K, reserved 1097728K
  class space    used 5841K, committed 5952K, reserved 1048576K
}
Event: 4.025 GC heap after
{Heap after GC invocations=13 (full 0):
 garbage-first heap   total 74752K, used 34155K [0x0000000083200000, 0x0000000100000000)
  region size 1024K, 3 young (3072K), 3 survivors (3072K)
 Metaspace       used 48745K, committed 48960K, reserved 1097728K
  class space    used 5841K, committed 5952K, reserved 1048576K
}
Event: 4.551 GC heap before
{Heap before GC invocations=13 (full 0):
 garbage-first heap   total 74752K, used 54635K [0x0000000083200000, 0x0000000100000000)
  region size 1024K, 24 young (24576K), 3 survivors (3072K)
 Metaspace       used 52480K, committed 52736K, reserved 1097728K
  class space    used 6216K, committed 6336K, reserved 1048576K
}
Event: 4.563 GC heap after
{Heap after GC invocations=14 (full 0):
 garbage-first heap   total 74752K, used 37888K [0x0000000083200000, 0x0000000100000000)
  region size 1024K, 3 young (3072K), 3 survivors (3072K)
 Metaspace       used 52480K, committed 52736K, reserved 1097728K
  class space    used 6216K, committed 6336K, reserved 1048576K
}
Event: 4.945 GC heap before
{Heap before GC invocations=14 (full 0):
 garbage-first heap   total 74752K, used 57344K [0x0000000083200000, 0x0000000100000000)
  region size 1024K, 22 young (22528K), 3 survivors (3072K)
 Metaspace       used 55804K, committed 56064K, reserved 1105920K
  class space    used 6645K, committed 6784K, reserved 1048576K
}
Event: 4.957 GC heap after
{Heap after GC invocations=15 (full 0):
 garbage-first heap   total 74752K, used 42282K [0x0000000083200000, 0x0000000100000000)
  region size 1024K, 3 young (3072K), 3 survivors (3072K)
 Metaspace       used 55804K, committed 56064K, reserved 1105920K
  class space    used 6645K, committed 6784K, reserved 1048576K
}
Event: 5.244 GC heap before
{Heap before GC invocations=16 (full 0):
 garbage-first heap   total 74752K, used 55594K [0x0000000083200000, 0x0000000100000000)
  region size 1024K, 17 young (17408K), 3 survivors (3072K)
 Metaspace       used 56591K, committed 56768K, reserved 1105920K
  class space    used 6693K, committed 6784K, reserved 1048576K
}
Event: 5.255 GC heap after
{Heap after GC invocations=17 (full 0):
 garbage-first heap   total 74752K, used 44614K [0x0000000083200000, 0x0000000100000000)
  region size 1024K, 3 young (3072K), 3 survivors (3072K)
 Metaspace       used 56591K, committed 56768K, reserved 1105920K
  class space    used 6693K, committed 6784K, reserved 1048576K
}
Event: 5.273 GC heap before
{Heap before GC invocations=17 (full 0):
 garbage-first heap   total 74752K, used 45638K [0x0000000083200000, 0x0000000100000000)
  region size 1024K, 4 young (4096K), 3 survivors (3072K)
 Metaspace       used 56604K, committed 56832K, reserved 1105920K
  class space    used 6694K, committed 6784K, reserved 1048576K
}
Event: 5.278 GC heap after
{Heap after GC invocations=18 (full 0):
 garbage-first heap   total 99328K, used 44177K [0x0000000083200000, 0x0000000100000000)
  region size 1024K, 1 young (1024K), 1 survivors (1024K)
 Metaspace       used 56604K, committed 56832K, reserved 1105920K
  class space    used 6694K, committed 6784K, reserved 1048576K
}
Event: 5.584 GC heap before
{Heap before GC invocations=18 (full 0):
 garbage-first heap   total 99328K, used 71825K [0x0000000083200000, 0x0000000100000000)
  region size 1024K, 28 young (28672K), 1 survivors (1024K)
 Metaspace       used 57124K, committed 57344K, reserved 1105920K
  class space    used 6719K, committed 6848K, reserved 1048576K
}
Event: 5.601 GC heap after
{Heap after GC invocations=19 (full 0):
 garbage-first heap   total 99328K, used 49429K [0x0000000083200000, 0x0000000100000000)
  region size 1024K, 4 young (4096K), 4 survivors (4096K)
 Metaspace       used 57124K, committed 57344K, reserved 1105920K
  class space    used 6719K, committed 6848K, reserved 1048576K
}
Event: 5.758 GC heap before
{Heap before GC invocations=19 (full 0):
 garbage-first heap   total 99328K, used 74005K [0x0000000083200000, 0x0000000100000000)
  region size 1024K, 28 young (28672K), 4 survivors (4096K)
 Metaspace       used 57235K, committed 57472K, reserved 1105920K
  class space    used 6723K, committed 6848K, reserved 1048576K
}
Event: 5.774 GC heap after
{Heap after GC invocations=20 (full 0):
 garbage-first heap   total 99328K, used 53904K [0x0000000083200000, 0x0000000100000000)
  region size 1024K, 4 young (4096K), 4 survivors (4096K)
 Metaspace       used 57235K, committed 57472K, reserved 1105920K
  class space    used 6723K, committed 6848K, reserved 1048576K
}
Event: 5.926 GC heap before
{Heap before GC invocations=21 (full 0):
 garbage-first heap   total 102400K, used 76432K [0x0000000083200000, 0x0000000100000000)
  region size 1024K, 26 young (26624K), 4 survivors (4096K)
 Metaspace       used 57260K, committed 57472K, reserved 1105920K
  class space    used 6725K, committed 6848K, reserved 1048576K
}
Event: 5.943 GC heap after
{Heap after GC invocations=22 (full 0):
 garbage-first heap   total 102400K, used 58368K [0x0000000083200000, 0x0000000100000000)
  region size 1024K, 4 young (4096K), 4 survivors (4096K)
 Metaspace       used 57260K, committed 57472K, reserved 1105920K
  class space    used 6725K, committed 6848K, reserved 1048576K
}
Event: 5.949 GC heap before
{Heap before GC invocations=22 (full 0):
 garbage-first heap   total 102400K, used 59392K [0x0000000083200000, 0x0000000100000000)
  region size 1024K, 5 young (5120K), 4 survivors (4096K)
 Metaspace       used 57260K, committed 57472K, reserved 1105920K
  class space    used 6725K, committed 6848K, reserved 1048576K
}
Event: 5.956 GC heap after
{Heap after GC invocations=23 (full 0):
 garbage-first heap   total 102400K, used 58910K [0x0000000083200000, 0x0000000100000000)
  region size 1024K, 1 young (1024K), 1 survivors (1024K)
 Metaspace       used 57260K, committed 57472K, reserved 1105920K
  class space    used 6725K, committed 6848K, reserved 1048576K
}
Event: 6.019 GC heap before
{Heap before GC invocations=23 (full 0):
 garbage-first heap   total 102400K, used 80414K [0x0000000083200000, 0x0000000100000000)
  region size 1024K, 22 young (22528K), 1 survivors (1024K)
 Metaspace       used 57437K, committed 57664K, reserved 1105920K
  class space    used 6744K, committed 6848K, reserved 1048576K
}

Dll operation events (2 events):
Event: 0.004 Loaded shared library C:\Program Files\Android\Android Studio\jbr\bin\java.dll
Event: 1.580 Loaded shared library C:\Program Files\Android\Android Studio\jbr\bin\verify.dll

Deoptimization events (20 events):
Event: 5.462 Thread 0x0000027a7154afa0 Uncommon trap: trap_request=0xffffff45 fr.pc=0x0000027a07cc51dc relative=0x000000000000049c
Event: 5.462 Thread 0x0000027a7154afa0 Uncommon trap: reason=unstable_if action=reinterpret pc=0x0000027a07cc51dc method=java.util.HashMap.getNode(Ljava/lang/Object;)Ljava/util/HashMap$Node; @ 131 c2
Event: 5.462 Thread 0x0000027a7154afa0 DEOPT PACKING pc=0x0000027a07cc51dc sp=0x000000a00e2fb500
Event: 5.462 Thread 0x0000027a7154afa0 DEOPT UNPACKING pc=0x0000027a0758a1a3 sp=0x000000a00e2fb3a0 mode 2
Event: 5.463 Thread 0x0000027a7154afa0 Uncommon trap: trap_request=0xffffff45 fr.pc=0x0000027a07cba238 relative=0x0000000000000218
Event: 5.463 Thread 0x0000027a7154afa0 Uncommon trap: reason=unstable_if action=reinterpret pc=0x0000027a07cba238 method=java.util.HashMap.getNode(Ljava/lang/Object;)Ljava/util/HashMap$Node; @ 131 c2
Event: 5.463 Thread 0x0000027a7154afa0 DEOPT PACKING pc=0x0000027a07cba238 sp=0x000000a00e2fb470
Event: 5.463 Thread 0x0000027a7154afa0 DEOPT UNPACKING pc=0x0000027a0758a1a3 sp=0x000000a00e2fb388 mode 2
Event: 5.817 Thread 0x0000027a7154afa0 Uncommon trap: trap_request=0xffffff45 fr.pc=0x0000027a07cf12f8 relative=0x0000000000000078
Event: 5.817 Thread 0x0000027a7154afa0 Uncommon trap: reason=unstable_if action=reinterpret pc=0x0000027a07cf12f8 method=org.jetbrains.kotlin.descriptors.impl.FunctionDescriptorImpl.getOverriddenDescriptors()Ljava/util/Collection; @ 8 c2
Event: 5.817 Thread 0x0000027a7154afa0 DEOPT PACKING pc=0x0000027a07cf12f8 sp=0x000000a00e2fd880
Event: 5.817 Thread 0x0000027a7154afa0 DEOPT UNPACKING pc=0x0000027a0758a1a3 sp=0x000000a00e2fd818 mode 2
Event: 5.851 Thread 0x0000027a7154afa0 Uncommon trap: trap_request=0xffffff76 fr.pc=0x0000027a07cf711c relative=0x0000000000000cdc
Event: 5.851 Thread 0x0000027a7154afa0 Uncommon trap: reason=predicate action=maybe_recompile pc=0x0000027a07cf711c method=kotlin.collections.CollectionsKt___CollectionsKt.filter(Ljava/lang/Iterable;Lkotlin/jvm/functions/Function1;)Ljava/util/List; @ 46 c2
Event: 5.851 Thread 0x0000027a7154afa0 DEOPT PACKING pc=0x0000027a07cf711c sp=0x000000a00e2fd630
Event: 5.851 Thread 0x0000027a7154afa0 DEOPT UNPACKING pc=0x0000027a0758a1a3 sp=0x000000a00e2fd620 mode 2
Event: 5.959 Thread 0x0000027a7154afa0 Uncommon trap: trap_request=0xffffff45 fr.pc=0x0000027a07cf3c2c relative=0x000000000000098c
Event: 5.959 Thread 0x0000027a7154afa0 Uncommon trap: reason=unstable_if action=reinterpret pc=0x0000027a07cf3c2c method=org.jetbrains.kotlin.descriptors.impl.ValueParameterDescriptorImpl.<init>(Lorg/jetbrains/kotlin/descriptors/CallableDescriptor;Lorg/jetbrains/kotlin/descriptors/ValueParamet
Event: 5.960 Thread 0x0000027a7154afa0 DEOPT PACKING pc=0x0000027a07cf3c2c sp=0x000000a00e2fccd0
Event: 5.960 Thread 0x0000027a7154afa0 DEOPT UNPACKING pc=0x0000027a0758a1a3 sp=0x000000a00e2fcb78 mode 2

Classes unloaded (0 events):
No events

Classes redefined (0 events):
No events

Internal exceptions (20 events):
Event: 1.544 Thread 0x0000027a7154afa0 Exception <a 'java/lang/NoSuchMethodError'{0x0000000084a7f1d8}: 'void java.lang.invoke.DirectMethodHandle$Holder.invokeStaticInit(java.lang.Object, java.lang.Object)'> (0x0000000084a7f1d8) 
thrown [s\src\hotspot\share\interpreter\linkResolver.cpp, line 771]
Event: 1.654 Thread 0x0000027a7154afa0 Exception <a 'java/lang/NoSuchMethodError'{0x00000000846f62e8}: 'void java.lang.invoke.DirectMethodHandle$Holder.invokeVirtual(java.lang.Object, java.lang.Object)'> (0x00000000846f62e8) 
thrown [s\src\hotspot\share\interpreter\linkResolver.cpp, line 771]
Event: 1.662 Thread 0x0000027a7154afa0 Exception <a 'java/lang/NoSuchMethodError'{0x0000000084571410}: 'int java.lang.invoke.DirectMethodHandle$Holder.invokeVirtual(java.lang.Object, java.lang.Object)'> (0x0000000084571410) 
thrown [s\src\hotspot\share\interpreter\linkResolver.cpp, line 771]
Event: 1.675 Thread 0x0000027a7154afa0 Exception <a 'java/lang/NoSuchMethodError'{0x0000000084409ac0}: 'java.lang.Object java.lang.invoke.Invokers$Holder.invokeExact_MT(java.lang.Object, java.lang.Object, java.lang.Object, java.lang.Object, java.lang.Object, java.lang.Object)'> (0x0000000084409ac0) 
thrown [s\src\hotspot\share\interpreter\linkResolver.cpp, line 771]
Event: 2.229 Thread 0x0000027a7154afa0 Implicit null exception at 0x0000027a07ae92f2 to 0x0000027a07ae9930
Event: 2.355 Thread 0x0000027a7154afa0 Implicit null exception at 0x0000027a07aea772 to 0x0000027a07aeadc8
Event: 2.402 Thread 0x0000027a7154afa0 Exception <a 'java/lang/NoSuchMethodError'{0x000000008672edb8}: 'java.lang.Object java.lang.invoke.DirectMethodHandle$Holder.invokeVirtual(java.lang.Object, java.lang.Object, java.lang.Object)'> (0x000000008672edb8) 
thrown [s\src\hotspot\share\interpreter\linkResolver.cpp, line 771]
Event: 3.136 Thread 0x0000027a7154afa0 Exception <a 'java/lang/NoSuchMethodError'{0x000000008677e668}: 'java.lang.Object java.lang.invoke.DirectMethodHandle$Holder.newInvokeSpecial(java.lang.Object, java.lang.Object, int)'> (0x000000008677e668) 
thrown [s\src\hotspot\share\interpreter\linkResolver.cpp, line 771]
Event: 3.289 Thread 0x0000027a7154afa0 Exception <a 'java/lang/NoSuchMethodError'{0x00000000862cd120}: 'java.lang.Object java.lang.invoke.DirectMethodHandle$Holder.newInvokeSpecial(java.lang.Object, java.lang.Object, java.lang.Object, int)'> (0x00000000862cd120) 
thrown [s\src\hotspot\share\interpreter\linkResolver.cpp, line 771]
Event: 3.290 Thread 0x0000027a7154afa0 Exception <a 'java/lang/NoSuchMethodError'{0x00000000862d17a8}: 'java.lang.Object java.lang.invoke.DirectMethodHandle$Holder.invokeSpecial(java.lang.Object, java.lang.Object, java.lang.Object, java.lang.Object, int)'> (0x00000000862d17a8) 
thrown [s\src\hotspot\share\interpreter\linkResolver.cpp, line 771]
Event: 3.290 Thread 0x0000027a7154afa0 Exception <a 'java/lang/NoSuchMethodError'{0x00000000862d5618}: 'java.lang.Object java.lang.invoke.Invokers$Holder.linkToTargetMethod(java.lang.Object, java.lang.Object, int, java.lang.Object)'> (0x00000000862d5618) 
thrown [s\src\hotspot\share\interpreter\linkResolver.cpp, line 771]
Event: 4.659 Thread 0x0000027a7154afa0 Exception <a 'java/lang/NoSuchMethodError'{0x000000008875a3c8}: 'java.lang.Object java.lang.invoke.DirectMethodHandle$Holder.invokeStatic(java.lang.Object, java.lang.Object, java.lang.Object, java.lang.Object, int)'> (0x000000008875a3c8) 
thrown [s\src\hotspot\share\interpreter\linkResolver.cpp, line 771]
Event: 4.660 Thread 0x0000027a7154afa0 Exception <a 'java/lang/NoSuchMethodError'{0x0000000088763e08}: 'java.lang.Object java.lang.invoke.DirectMethodHandle$Holder.newInvokeSpecial(java.lang.Object, java.lang.Object, java.lang.Object, java.lang.Object, int)'> (0x0000000088763e08) 
thrown [s\src\hotspot\share\interpreter\linkResolver.cpp, line 771]
Event: 4.660 Thread 0x0000027a7154afa0 Exception <a 'java/lang/NoSuchMethodError'{0x000000008876c140}: 'java.lang.Object java.lang.invoke.Invokers$Holder.linkToTargetMethod(java.lang.Object, java.lang.Object, java.lang.Object, int, java.lang.Object)'> (0x000000008876c140) 
thrown [s\src\hotspot\share\interpreter\linkResolver.cpp, line 771]
Event: 4.715 Thread 0x0000027a7154afa0 Exception <a 'java/lang/NoSuchMethodError'{0x0000000087497ea0}: 'java.lang.Object java.lang.invoke.DirectMethodHandle$Holder.newInvokeSpecial(java.lang.Object, java.lang.Object, java.lang.Object, java.lang.Object, java.lang.Object, java.lang.Object)'> (0x0000000087497ea0) 
thrown [s\src\hotspot\share\interpreter\linkResolver.cpp, line 771]
Event: 5.044 Thread 0x0000027a7154afa0 Exception <a 'java/lang/NoSuchMethodError'{0x00000000887521f0}: 'java.lang.Object java.lang.invoke.DirectMethodHandle$Holder.invokeStaticInit(java.lang.Object, java.lang.Object, java.lang.Object)'> (0x00000000887521f0) 
thrown [s\src\hotspot\share\interpreter\linkResolver.cpp, line 771]
Event: 5.375 Thread 0x0000027a7154afa0 Implicit null exception at 0x0000027a07b24a71 to 0x0000027a07b24c54
Event: 5.375 Thread 0x0000027a7154afa0 Implicit null exception at 0x0000027a07b3360f to 0x0000027a07b33685
Event: 5.454 Thread 0x0000027a7154afa0 Exception <a 'java/lang/NoSuchMethodError'{0x00000000882d3c38}: 'java.lang.Object java.lang.invoke.DirectMethodHandle$Holder.newInvokeSpecial(java.lang.Object, int, java.lang.Object)'> (0x00000000882d3c38) 
thrown [s\src\hotspot\share\interpreter\linkResolver.cpp, line 771]
Event: 5.455 Thread 0x0000027a7154afa0 Exception <a 'java/lang/NoSuchMethodError'{0x00000000882da298}: 'int java.lang.invoke.DirectMethodHandle$Holder.invokeInterface(java.lang.Object, java.lang.Object)'> (0x00000000882da298) 
thrown [s\src\hotspot\share\interpreter\linkResolver.cpp, line 771]

VM Operations (20 events):
Event: 5.574 Executing VM operation: ICBufferFull done
Event: 5.584 Executing VM operation: G1CollectForAllocation
Event: 5.601 Executing VM operation: G1CollectForAllocation done
Event: 5.701 Executing VM operation: ICBufferFull
Event: 5.701 Executing VM operation: ICBufferFull done
Event: 5.758 Executing VM operation: G1CollectForAllocation
Event: 5.774 Executing VM operation: G1CollectForAllocation done
Event: 5.826 Executing VM operation: G1Concurrent
Event: 5.832 Executing VM operation: G1Concurrent done
Event: 5.856 Executing VM operation: G1Concurrent
Event: 5.857 Executing VM operation: G1Concurrent done
Event: 5.926 Executing VM operation: G1CollectForAllocation
Event: 5.943 Executing VM operation: G1CollectForAllocation done
Event: 5.948 Executing VM operation: G1CollectForAllocation
Event: 5.956 Executing VM operation: G1CollectForAllocation done
Event: 5.963 Executing VM operation: HandshakeAllThreads
Event: 5.963 Executing VM operation: HandshakeAllThreads done
Event: 5.976 Executing VM operation: HandshakeAllThreads
Event: 5.976 Executing VM operation: HandshakeAllThreads done
Event: 6.019 Executing VM operation: G1CollectForAllocation

Events (20 events):
Event: 3.847 loading class java/util/stream/ReduceOps$Box done
Event: 3.847 loading class java/util/stream/ReduceOps$3ReducingSink done
Event: 3.847 loading class java/util/stream/ReferencePipeline$2$1
Event: 3.847 loading class java/util/stream/ReferencePipeline$2$1 done
Event: 3.847 loading class java/util/stream/IntPipeline$1$1
Event: 3.848 loading class java/util/stream/Sink$ChainedInt
Event: 3.848 loading class java/util/stream/Sink$OfInt
Event: 3.848 loading class java/util/function/IntConsumer
Event: 3.848 loading class java/util/function/IntConsumer done
Event: 3.848 loading class java/util/stream/Sink$OfInt done
Event: 3.848 loading class java/util/stream/Sink$ChainedInt done
Event: 3.848 loading class java/util/stream/IntPipeline$1$1 done
Event: 4.333 loading class java/util/RegularEnumSet$EnumSetIterator
Event: 4.333 loading class java/util/RegularEnumSet$EnumSetIterator done
Event: 4.333 loading class java/util/Collections$SingletonMap
Event: 4.333 loading class java/util/Collections$SingletonMap done
Event: 4.633 loading class java/util/function/ToIntFunction
Event: 4.633 loading class java/util/function/ToIntFunction done
Event: 4.762 loading class java/util/ComparableTimSort
Event: 4.762 loading class java/util/ComparableTimSort done


Dynamic libraries:
0x00007ff698700000 - 0x00007ff69870a000 	C:\Program Files\Android\Android Studio\jbr\bin\java.exe
0x00007ffceaef0000 - 0x00007ffceb0e8000 	C:\Windows\SYSTEM32\ntdll.dll
0x00007ffce9670000 - 0x00007ffce972d000 	C:\Windows\System32\KERNEL32.DLL
0x00007ffce86f0000 - 0x00007ffce89e6000 	C:\Windows\System32\KERNELBASE.dll
0x00007ffce89f0000 - 0x00007ffce8af0000 	C:\Windows\System32\ucrtbase.dll
0x00007ffcd3b60000 - 0x00007ffcd3b77000 	C:\Program Files\Android\Android Studio\jbr\bin\jli.dll
0x00007ffcd3b40000 - 0x00007ffcd3b5b000 	C:\Program Files\Android\Android Studio\jbr\bin\VCRUNTIME140.dll
0x00007ffce9730000 - 0x00007ffce98ce000 	C:\Windows\System32\USER32.dll
0x00007ffce8e90000 - 0x00007ffce8eb2000 	C:\Windows\System32\win32u.dll
0x00007ffcd2b00000 - 0x00007ffcd2d9a000 	C:\Windows\WinSxS\amd64_microsoft.windows.common-controls_6595b64144ccf1df_6.0.19041.3636_none_60b6a03d71f818d5\COMCTL32.dll
0x00007ffceadd0000 - 0x00007ffceadfc000 	C:\Windows\System32\GDI32.dll
0x00007ffcea770000 - 0x00007ffcea80e000 	C:\Windows\System32\msvcrt.dll
0x00007ffce85d0000 - 0x00007ffce86ea000 	C:\Windows\System32\gdi32full.dll
0x00007ffce8df0000 - 0x00007ffce8e8d000 	C:\Windows\System32\msvcp_win.dll
0x00007ffcea9d0000 - 0x00007ffceaa00000 	C:\Windows\System32\IMM32.DLL
0x00007ffcc79b0000 - 0x00007ffcc79bc000 	C:\Program Files\Android\Android Studio\jbr\bin\vcruntime140_1.dll
0x00007ffcb8680000 - 0x00007ffcb870d000 	C:\Program Files\Android\Android Studio\jbr\bin\msvcp140.dll
0x00007ffca89d0000 - 0x00007ffca963e000 	C:\Program Files\Android\Android Studio\jbr\bin\server\jvm.dll
0x00007ffceae00000 - 0x00007ffceaeaf000 	C:\Windows\System32\ADVAPI32.dll
0x00007ffcea6d0000 - 0x00007ffcea76c000 	C:\Windows\System32\sechost.dll
0x00007ffceaa00000 - 0x00007ffceab26000 	C:\Windows\System32\RPCRT4.dll
0x00007ffccb190000 - 0x00007ffccb199000 	C:\Windows\SYSTEM32\WSOCK32.dll
0x00007ffce14f0000 - 0x00007ffce14fa000 	C:\Windows\SYSTEM32\VERSION.dll
0x00007ffce9d50000 - 0x00007ffce9dbb000 	C:\Windows\System32\WS2_32.dll
0x00007ffcd7cc0000 - 0x00007ffcd7ce7000 	C:\Windows\SYSTEM32\WINMM.dll
0x00007ffce6e20000 - 0x00007ffce6e32000 	C:\Windows\SYSTEM32\kernel.appcore.dll
0x00007ffce5870000 - 0x00007ffce587a000 	C:\Program Files\Android\Android Studio\jbr\bin\jimage.dll
0x00007ffce6200000 - 0x00007ffce63e4000 	C:\Windows\SYSTEM32\DBGHELP.DLL
0x00007ffcd6af0000 - 0x00007ffcd6b24000 	C:\Windows\SYSTEM32\dbgcore.DLL
0x00007ffce8ec0000 - 0x00007ffce8f42000 	C:\Windows\System32\bcryptPrimitives.dll
0x00007ffce3cc0000 - 0x00007ffce3ce5000 	C:\Program Files\Android\Android Studio\jbr\bin\java.dll
0x00007ffce3d20000 - 0x00007ffce3d38000 	C:\Program Files\Android\Android Studio\jbr\bin\zip.dll
0x00007ffce9f80000 - 0x00007ffcea6c4000 	C:\Windows\System32\SHELL32.dll
0x00007ffce6670000 - 0x00007ffce6e0b000 	C:\Windows\SYSTEM32\windows.storage.dll
0x00007ffce99f0000 - 0x00007ffce9d44000 	C:\Windows\System32\combase.dll
0x00007ffce7f40000 - 0x00007ffce7f6d000 	C:\Windows\SYSTEM32\Wldp.dll
0x00007ffceab30000 - 0x00007ffceabdd000 	C:\Windows\System32\SHCORE.dll
0x00007ffce9560000 - 0x00007ffce95b5000 	C:\Windows\System32\shlwapi.dll
0x00007ffce8500000 - 0x00007ffce8525000 	C:\Windows\SYSTEM32\profapi.dll
0x00007ffce2320000 - 0x00007ffce2339000 	C:\Program Files\Android\Android Studio\jbr\bin\net.dll
0x00007ffcdec30000 - 0x00007ffcded3a000 	C:\Windows\SYSTEM32\WINHTTP.dll
0x00007ffce7ca0000 - 0x00007ffce7d0a000 	C:\Windows\system32\mswsock.dll
0x00007ffce2300000 - 0x00007ffce2316000 	C:\Program Files\Android\Android Studio\jbr\bin\nio.dll
0x00007ffce3d50000 - 0x00007ffce3d60000 	C:\Program Files\Android\Android Studio\jbr\bin\verify.dll

dbghelp: loaded successfully - version: 4.0.5 - missing functions: none
symbol engine: initialized successfully - sym options: 0x614 - pdb path: .;C:\Program Files\Android\Android Studio\jbr\bin;C:\Windows\SYSTEM32;C:\Windows\WinSxS\amd64_microsoft.windows.common-controls_6595b64144ccf1df_6.0.19041.3636_none_60b6a03d71f818d5;C:\Program Files\Android\Android Studio\jbr\bin\server

VM Arguments:
java_command: org.jetbrains.kotlin.cli.jvm.K2JVMCompiler @C:\Users\User\AndroidStudioProjects\HambaApp\app\build\20231128_450416312892216334.compiler.options
java_class_path (initial): C:\Users\User\.gradle\caches\modules-2\files-2.1\org.jetbrains.kotlin\kotlin-compiler-embeddable\1.9.0\2c8c3a7402becca891f12739b3e9fd2dc2adbd7a\kotlin-compiler-embeddable-1.9.0.jar;C:\Users\User\.gradle\caches\modules-2\files-2.1\org.jetbrains.kotlin\kotlin-stdlib\1.9.0\8ee15ef0c67dc83d874f412d84378d7f0eb50b63\kotlin-stdlib-1.9.0.jar;C:\Users\User\.gradle\caches\modules-2\files-2.1\org.jetbrains.kotlin\kotlin-script-runtime\1.9.0\4b3102cbbb7e1b58d9d1adf89563f00069ffa7d1\kotlin-script-runtime-1.9.0.jar;C:\Users\User\.gradle\caches\modules-2\files-2.1\org.jetbrains.kotlin\kotlin-reflect\1.6.10\1cbe9c92c12a94eea200d23c2bbaedaf3daf5132\kotlin-reflect-1.6.10.jar;C:\Users\User\.gradle\caches\modules-2\files-2.1\org.jetbrains.kotlin\kotlin-daemon-embeddable\1.9.0\186543f5e28cf8d9a0290fecc2cf34301c40a65c\kotlin-daemon-embeddable-1.9.0.jar;C:\Users\User\.gradle\caches\modules-2\files-2.1\org.jetbrains.intellij.deps\trove4j\1.0.20200330\3afb14d5f9ceb459d724e907a21145e8ff394f02\trove4j-1.0.20200330.jar;C:\Users\User\.gradle\caches\modules-2\files-2.1\org.jetbrains.kotlin\kotlin-stdlib-common\1.9.0\cd65c21cfd1eec4d44ef09f9f52b6d9f8a720636\kotlin-stdlib-common-1.9.0.jar;C:\Users\User\.gradle\caches\modules-2\files-2.1\org.jetbrains\annotations\13.0\919f0dfe192fb4e063e7dacadee7f8bb9a2672a9\annotations-13.0.jar
Launcher Type: SUN_STANDARD

[Global flags]
     intx CICompilerCount                          = 4                                         {product} {ergonomic}
     uint ConcGCThreads                            = 2                                         {product} {ergonomic}
     uint G1ConcRefinementThreads                  = 8                                         {product} {ergonomic}
   size_t G1HeapRegionSize                         = 1048576                                   {product} {ergonomic}
    uintx GCDrainStackTargetSize                   = 64                                        {product} {ergonomic}
   size_t InitialHeapSize                          = 132120576                                 {product} {ergonomic}
   size_t MarkStackSize                            = 4194304                                   {product} {ergonomic}
   size_t MaxHeapSize                              = 2095054848                                {product} {ergonomic}
   size_t MaxNewSize                               = 1256194048                                {product} {ergonomic}
   size_t MinHeapDeltaBytes                        = 1048576                                   {product} {ergonomic}
   size_t MinHeapSize                              = 8388608                                   {product} {ergonomic}
    uintx NonNMethodCodeHeapSize                   = 5839372                                {pd product} {ergonomic}
    uintx NonProfiledCodeHeapSize                  = 122909434                              {pd product} {ergonomic}
    uintx ProfiledCodeHeapSize                     = 122909434                              {pd product} {ergonomic}
    uintx ReservedCodeCacheSize                    = 251658240                              {pd product} {ergonomic}
     bool SegmentedCodeCache                       = true                                      {product} {ergonomic}
   size_t SoftMaxHeapSize                          = 2095054848                             {manageable} {ergonomic}
     bool UseCompressedClassPointers               = true                           {product lp64_product} {ergonomic}
     bool UseCompressedOops                        = true                           {product lp64_product} {ergonomic}
     bool UseG1GC                                  = true                                      {product} {ergonomic}
     bool UseLargePagesIndividualAllocation        = false                                  {pd product} {ergonomic}

Logging:
Log output configuration:
 #0: stdout all=warning uptime,level,tags
 #1: stderr all=off uptime,level,tags

Environment Variables:
PATH=C:\Python311\Scripts\;C:\Python311\;C:\Program Files\Microsoft\jdk-11.0.16.101-hotspot\bin;C:\Windows\system32;C:\Windows;C:\Windows\System32\Wbem;C:\Windows\System32\WindowsPowerShell\v1.0\;C:\Windows\System32\OpenSSH\;C:\Program Files\Microsoft SQL Server\150\Tools\Binn\;C:\Program Files\Microsoft SQL Server\Client SDK\ODBC\170\Tools\Binn\;C:\Program Files\dotnet\;C:\ProgramData\chocolatey\bin;C:\Program Files\nodejs\;C:\Program Files\Git\cmd;C:\Users\User\AppData\Local\Microsoft\WindowsApps;C:\Users\User\.dotnet\tools;C:\Users\User\AppData\Local\Programs\Microsoft VS Code\bin;C:\Users\User\AppData\Roaming\npm
USERNAME=User
OS=Windows_NT
PROCESSOR_IDENTIFIER=Intel64 Family 6 Model 126 Stepping 5, GenuineIntel
TMP=C:\Users\User\AppData\Local\Temp
TEMP=C:\Users\User\AppData\Local\Temp


JNI global refs:
JNI global refs: 10, weak refs: 17

JNI global refs memory usage: 843, weak refs: 841


---------------  S Y S T E M  ---------------

OS:
 Windows 10 , 64 bit Build 19041 (10.0.19041.3636)
OS uptime: 7 days 6:54 hours

CPU: total 8 (initial active 8) (4 cores per cpu, 2 threads per core) family 6 model 126 stepping 5 microcode 0xa6, cx8, cmov, fxsr, ht, mmx, 3dnowpref, sse, sse2, sse3, ssse3, sse4.1, sse4.2, popcnt, lzcnt, tsc, tscinvbit, avx, avx2, aes, erms, clmul, bmi1, bmi2, adx, avx512f, avx512dq, avx512cd, avx512bw, avx512vl, sha, fma, vzeroupper, avx512_vpopcntdq, avx512_vpclmulqdq, avx512_vaes, avx512_vnni, clflush, clflushopt, avx512_vbmi2, avx512_vbmi

Memory: 4k page, system-wide physical 7987M (188M free)
TotalPageFile size 32562M (AvailPageFile size 114M)
current process WorkingSet (physical memory assigned to process): 246M, peak: 246M
current process commit charge ("private bytes"): 309M, peak: 474M

vm_info: OpenJDK 64-Bit Server VM (17.0.6+0-b2043.56-10027231) for windows-amd64 JRE (17.0.6+0-b2043.56-10027231), built on Apr 28 2023 00:43:19 by "androidbuild" with MS VC++ 16.10 / 16.11 (VS2019)

END.
